<?xml version="1.0" encoding="UTF-8"?>
<testsuite xmlns:xsi="http://www.w3.org/2001/XMLSchema-instance" xsi:noNamespaceSchemaLocation="https://maven.apache.org/surefire/maven-surefire-plugin/xsd/surefire-test-report-3.0.xsd" version="3.0" name="de.travelbroker.TravelBrokerIntegrationTest" time="20.205" tests="5" errors="0" skipped="0" failures="0">
  <properties>
    <property name="java.specification.version" value="23"/>
    <property name="sun.jnu.encoding" value="UTF-8"/>
    <property name="java.class.path" value="/Users/alexanderkott/Desktop/GitHub.nosync/Travel-Broker-DS/target/test-classes:/Users/alexanderkott/Desktop/GitHub.nosync/Travel-Broker-DS/target/classes:/Users/alexanderkott/.m2/repository/org/json/json/20230227/json-20230227.jar:/Users/alexanderkott/.m2/repository/org/junit/jupiter/junit-jupiter/5.10.0/junit-jupiter-5.10.0.jar:/Users/alexanderkott/.m2/repository/org/junit/jupiter/junit-jupiter-api/5.10.0/junit-jupiter-api-5.10.0.jar:/Users/alexanderkott/.m2/repository/org/opentest4j/opentest4j/1.3.0/opentest4j-1.3.0.jar:/Users/alexanderkott/.m2/repository/org/junit/platform/junit-platform-commons/1.10.0/junit-platform-commons-1.10.0.jar:/Users/alexanderkott/.m2/repository/org/apiguardian/apiguardian-api/1.1.2/apiguardian-api-1.1.2.jar:/Users/alexanderkott/.m2/repository/org/junit/jupiter/junit-jupiter-params/5.10.0/junit-jupiter-params-5.10.0.jar:/Users/alexanderkott/.m2/repository/org/junit/jupiter/junit-jupiter-engine/5.10.0/junit-jupiter-engine-5.10.0.jar:/Users/alexanderkott/.m2/repository/org/junit/platform/junit-platform-engine/1.10.0/junit-platform-engine-1.10.0.jar:/Users/alexanderkott/.m2/repository/org/zeromq/jeromq/0.6.0/jeromq-0.6.0.jar:/Users/alexanderkott/.m2/repository/eu/neilalexander/jnacl/1.0.0/jnacl-1.0.0.jar:/Users/alexanderkott/.m2/repository/com/fasterxml/jackson/core/jackson-databind/2.15.3/jackson-databind-2.15.3.jar:/Users/alexanderkott/.m2/repository/com/fasterxml/jackson/core/jackson-annotations/2.15.3/jackson-annotations-2.15.3.jar:/Users/alexanderkott/.m2/repository/com/fasterxml/jackson/core/jackson-core/2.15.3/jackson-core-2.15.3.jar:/Users/alexanderkott/.m2/repository/org/slf4j/slf4j-simple/2.0.7/slf4j-simple-2.0.7.jar:/Users/alexanderkott/.m2/repository/org/slf4j/slf4j-api/2.0.7/slf4j-api-2.0.7.jar:"/>
    <property name="java.vm.vendor" value="Homebrew"/>
    <property name="sun.arch.data.model" value="64"/>
    <property name="java.vendor.url" value="https://github.com/Homebrew/homebrew-core/issues"/>
    <property name="user.timezone" value="Europe/Berlin"/>
    <property name="os.name" value="Mac OS X"/>
    <property name="java.vm.specification.version" value="23"/>
    <property name="sun.java.launcher" value="SUN_STANDARD"/>
    <property name="user.country" value="DE"/>
    <property name="sun.boot.library.path" value="/opt/homebrew/Cellar/openjdk/23.0.2/libexec/openjdk.jdk/Contents/Home/lib"/>
    <property name="sun.java.command" value="/Users/alexanderkott/Desktop/GitHub.nosync/Travel-Broker-DS/target/surefire/surefirebooter-20250505122003931_3.jar /Users/alexanderkott/Desktop/GitHub.nosync/Travel-Broker-DS/target/surefire 2025-05-05T12-20-03_884-jvmRun1 surefire-20250505122003931_1tmp surefire_0-20250505122003931_2tmp"/>
    <property name="http.nonProxyHosts" value="local|*.local|169.254/16|*.169.254/16"/>
    <property name="jdk.debug" value="release"/>
    <property name="surefire.test.class.path" value="/Users/alexanderkott/Desktop/GitHub.nosync/Travel-Broker-DS/target/test-classes:/Users/alexanderkott/Desktop/GitHub.nosync/Travel-Broker-DS/target/classes:/Users/alexanderkott/.m2/repository/org/json/json/20230227/json-20230227.jar:/Users/alexanderkott/.m2/repository/org/junit/jupiter/junit-jupiter/5.10.0/junit-jupiter-5.10.0.jar:/Users/alexanderkott/.m2/repository/org/junit/jupiter/junit-jupiter-api/5.10.0/junit-jupiter-api-5.10.0.jar:/Users/alexanderkott/.m2/repository/org/opentest4j/opentest4j/1.3.0/opentest4j-1.3.0.jar:/Users/alexanderkott/.m2/repository/org/junit/platform/junit-platform-commons/1.10.0/junit-platform-commons-1.10.0.jar:/Users/alexanderkott/.m2/repository/org/apiguardian/apiguardian-api/1.1.2/apiguardian-api-1.1.2.jar:/Users/alexanderkott/.m2/repository/org/junit/jupiter/junit-jupiter-params/5.10.0/junit-jupiter-params-5.10.0.jar:/Users/alexanderkott/.m2/repository/org/junit/jupiter/junit-jupiter-engine/5.10.0/junit-jupiter-engine-5.10.0.jar:/Users/alexanderkott/.m2/repository/org/junit/platform/junit-platform-engine/1.10.0/junit-platform-engine-1.10.0.jar:/Users/alexanderkott/.m2/repository/org/zeromq/jeromq/0.6.0/jeromq-0.6.0.jar:/Users/alexanderkott/.m2/repository/eu/neilalexander/jnacl/1.0.0/jnacl-1.0.0.jar:/Users/alexanderkott/.m2/repository/com/fasterxml/jackson/core/jackson-databind/2.15.3/jackson-databind-2.15.3.jar:/Users/alexanderkott/.m2/repository/com/fasterxml/jackson/core/jackson-annotations/2.15.3/jackson-annotations-2.15.3.jar:/Users/alexanderkott/.m2/repository/com/fasterxml/jackson/core/jackson-core/2.15.3/jackson-core-2.15.3.jar:/Users/alexanderkott/.m2/repository/org/slf4j/slf4j-simple/2.0.7/slf4j-simple-2.0.7.jar:/Users/alexanderkott/.m2/repository/org/slf4j/slf4j-api/2.0.7/slf4j-api-2.0.7.jar:"/>
    <property name="sun.cpu.endian" value="little"/>
    <property name="user.home" value="/Users/alexanderkott"/>
    <property name="user.language" value="en"/>
    <property name="java.specification.vendor" value="Oracle Corporation"/>
    <property name="java.version.date" value="2025-01-21"/>
    <property name="java.home" value="/opt/homebrew/Cellar/openjdk/23.0.2/libexec/openjdk.jdk/Contents/Home"/>
    <property name="file.separator" value="/"/>
    <property name="basedir" value="/Users/alexanderkott/Desktop/GitHub.nosync/Travel-Broker-DS"/>
    <property name="java.vm.compressedOopsMode" value="Zero based"/>
    <property name="line.separator" value="&#10;"/>
    <property name="java.vm.specification.vendor" value="Oracle Corporation"/>
    <property name="java.specification.name" value="Java Platform API Specification"/>
    <property name="apple.awt.application.name" value="ForkedBooter"/>
    <property name="surefire.real.class.path" value="/Users/alexanderkott/Desktop/GitHub.nosync/Travel-Broker-DS/target/surefire/surefirebooter-20250505122003931_3.jar"/>
    <property name="sun.management.compiler" value="HotSpot 64-Bit Tiered Compilers"/>
    <property name="ftp.nonProxyHosts" value="local|*.local|169.254/16|*.169.254/16"/>
    <property name="java.runtime.version" value="23.0.2"/>
    <property name="user.name" value="alexanderkott"/>
    <property name="stdout.encoding" value="UTF-8"/>
    <property name="path.separator" value=":"/>
    <property name="os.version" value="15.5"/>
    <property name="java.runtime.name" value="OpenJDK Runtime Environment"/>
    <property name="file.encoding" value="UTF-8"/>
    <property name="java.vm.name" value="OpenJDK 64-Bit Server VM"/>
    <property name="java.vendor.version" value="Homebrew"/>
    <property name="localRepository" value="/Users/alexanderkott/.m2/repository"/>
    <property name="java.vendor.url.bug" value="https://github.com/Homebrew/homebrew-core/issues"/>
    <property name="java.io.tmpdir" value="/var/folders/4_/139jl0dj4_70s6_djmkc2nch0000gn/T/"/>
    <property name="java.version" value="23.0.2"/>
    <property name="user.dir" value="/Users/alexanderkott/Desktop/GitHub.nosync/Travel-Broker-DS"/>
    <property name="os.arch" value="aarch64"/>
    <property name="java.vm.specification.name" value="Java Virtual Machine Specification"/>
    <property name="native.encoding" value="UTF-8"/>
    <property name="java.library.path" value="/Users/alexanderkott/Library/Java/Extensions:/Library/Java/Extensions:/Network/Library/Java/Extensions:/System/Library/Java/Extensions:/usr/lib/java:."/>
    <property name="java.vm.info" value="mixed mode, sharing"/>
    <property name="stderr.encoding" value="UTF-8"/>
    <property name="java.vendor" value="Homebrew"/>
    <property name="java.vm.version" value="23.0.2"/>
    <property name="sun.io.unicode.encoding" value="UnicodeBig"/>
    <property name="socksNonProxyHosts" value="local|*.local|169.254/16|*.169.254/16"/>
    <property name="java.class.version" value="67.0"/>
  </properties>
  <testcase name="testManyBookingsInParallel" classname="de.travelbroker.TravelBrokerIntegrationTest" time="13.396">
    <system-out><![CDATA[🔧 Starte HotelServices...
✅ Konfiguration geladen aus: src/main/resources/config.json
Hotel-A is running on port 5556 with failure simulation...
✅ Konfiguration geladen aus: src/main/resources/config.json
Hotel-B is running on port 5557 with failure simulation...
✅ Konfiguration geladen aus: src/main/resources/config.json
Hotel-C is running on port 5558 with failure simulation...
🔧 Starte TravelBroker...
✅ Konfiguration geladen aus: src/main/resources/config.json
[2025-05-05 12:20:05] 🧠 TravelBroker bereit und wartet auf Anfragen auf Port 5569...
✅ Setup abgeschlossen.
➡️  [User4] Sende Buchung: User4:Hotel-A,Hotel-B,Hotel-C
➡️  [User2] Sende Buchung: User2:Hotel-A,Hotel-B,Hotel-C
➡️  [User1] Sende Buchung: User1:Hotel-A,Hotel-B,Hotel-C
➡️  [User6] Sende Buchung: User6:Hotel-A,Hotel-B,Hotel-C
➡️  [User3] Sende Buchung: User3:Hotel-A,Hotel-B,Hotel-C
➡️  [User5] Sende Buchung: User5:Hotel-A,Hotel-B,Hotel-C
➡️  [User9] Sende Buchung: User9:Hotel-A,Hotel-B,Hotel-C
➡️  [User8] Sende Buchung: User8:Hotel-A,Hotel-B,Hotel-C
➡️  [User7] Sende Buchung: User7:Hotel-A,Hotel-B,Hotel-C
➡️  [User10] Sende Buchung: User10:Hotel-A,Hotel-B,Hotel-C
[2025-05-05 12:20:08] 📬 Anfrage empfangen: User4:Hotel-A,Hotel-B,Hotel-C
[2025-05-05 12:20:08] 🔁 [Retry 1/3] für Hotel-A
[2025-05-05 12:20:08] ⏳ Sende Buchungsanfrage an Hotel-A
[2025-05-05 12:20:08] 🕒 Warte auf Antwort von Hotel-A (max. 1500ms)...
📨 [Hotel-A] received: {"timeBlocks":[17,18],"action":"book","bookingId":"User4_Hotel-A"}
🔍 [Hotel-A] Zufallswert (Fehlersimulation): 0.728240697833274
✅ [Hotel-A] Prüfe Verfügbarkeit der Zeitblöcke...
✅ [Hotel-A] Booking successful for: User4_Hotel-A
[2025-05-05 12:20:09] ✅ Bestätigt von Hotel-A
[2025-05-05 12:20:09] 🔁 [Retry 1/3] für Hotel-B
[2025-05-05 12:20:09] ⏳ Sende Buchungsanfrage an Hotel-B
[2025-05-05 12:20:09] 🕒 Warte auf Antwort von Hotel-B (max. 1500ms)...
📨 [Hotel-B] received: {"timeBlocks":[17,18],"action":"book","bookingId":"User4_Hotel-B"}
🔍 [Hotel-B] Zufallswert (Fehlersimulation): 0.45258434690371085
✅ [Hotel-B] Prüfe Verfügbarkeit der Zeitblöcke...
✅ [Hotel-B] Booking successful for: User4_Hotel-B
[2025-05-05 12:20:09] ✅ Bestätigt von Hotel-B
[2025-05-05 12:20:09] 🔁 [Retry 1/3] für Hotel-C
[2025-05-05 12:20:09] ⏳ Sende Buchungsanfrage an Hotel-C
[2025-05-05 12:20:09] 🕒 Warte auf Antwort von Hotel-C (max. 1500ms)...
📨 [Hotel-C] received: {"timeBlocks":[17,18],"action":"book","bookingId":"User4_Hotel-C"}
🔍 [Hotel-C] Zufallswert (Fehlersimulation): 0.8515296335861959
✅ [Hotel-C] Prüfe Verfügbarkeit der Zeitblöcke...
✅ [Hotel-C] Booking successful for: User4_Hotel-C
[2025-05-05 12:20:09] ✅ Bestätigt von Hotel-C
[2025-05-05 12:20:09] 📊 Booking Summary:
[2025-05-05 12:20:09] Total Requests: 1
⬅️  [User4] Antwort: Buchung erfolgreich für User4
[2025-05-05 12:20:09] ✅ Successful:   1
[2025-05-05 12:20:09] ❌ Failed:       0
[2025-05-05 12:20:09] Success Rate:   100%
[2025-05-05 12:20:09] 📬 Anfrage empfangen: User10:Hotel-A,Hotel-B,Hotel-C
[2025-05-05 12:20:09] 🔁 [Retry 1/3] für Hotel-A
[2025-05-05 12:20:09] ⏳ Sende Buchungsanfrage an Hotel-A
[2025-05-05 12:20:09] 🕒 Warte auf Antwort von Hotel-A (max. 1500ms)...
📨 [Hotel-A] received: {"timeBlocks":[64,65],"action":"book","bookingId":"User10_Hotel-A"}
🔍 [Hotel-A] Zufallswert (Fehlersimulation): 0.14554107892913415
✅ [Hotel-A] Prüfe Verfügbarkeit der Zeitblöcke...
✅ [Hotel-A] Booking successful for: User10_Hotel-A
[2025-05-05 12:20:09] ✅ Bestätigt von Hotel-A
[2025-05-05 12:20:09] 🔁 [Retry 1/3] für Hotel-B
[2025-05-05 12:20:09] ⏳ Sende Buchungsanfrage an Hotel-B
[2025-05-05 12:20:09] 🕒 Warte auf Antwort von Hotel-B (max. 1500ms)...
📨 [Hotel-B] received: {"timeBlocks":[64,65],"action":"book","bookingId":"User10_Hotel-B"}
🔍 [Hotel-B] Zufallswert (Fehlersimulation): 0.2810238331261531
✅ [Hotel-B] Prüfe Verfügbarkeit der Zeitblöcke...
✅ [Hotel-B] Booking successful for: User10_Hotel-B
[2025-05-05 12:20:10] ✅ Bestätigt von Hotel-B
[2025-05-05 12:20:10] 🔁 [Retry 1/3] für Hotel-C
[2025-05-05 12:20:10] ⏳ Sende Buchungsanfrage an Hotel-C
[2025-05-05 12:20:10] 🕒 Warte auf Antwort von Hotel-C (max. 1500ms)...
📨 [Hotel-C] received: {"timeBlocks":[64,65],"action":"book","bookingId":"User10_Hotel-C"}
🔍 [Hotel-C] Zufallswert (Fehlersimulation): 0.8763998897759707
✅ [Hotel-C] Prüfe Verfügbarkeit der Zeitblöcke...
✅ [Hotel-C] Booking successful for: User10_Hotel-C
[2025-05-05 12:20:10] ✅ Bestätigt von Hotel-C
[2025-05-05 12:20:10] 📊 Booking Summary:
⬅️  [User10] Antwort: Buchung erfolgreich für User10
[2025-05-05 12:20:10] Total Requests: 2
[2025-05-05 12:20:10] ✅ Successful:   2
[2025-05-05 12:20:10] ❌ Failed:       0
[2025-05-05 12:20:10] Success Rate:   100%
[2025-05-05 12:20:10] 📬 Anfrage empfangen: User2:Hotel-A,Hotel-B,Hotel-C
[2025-05-05 12:20:10] 🔁 [Retry 1/3] für Hotel-A
[2025-05-05 12:20:10] ⏳ Sende Buchungsanfrage an Hotel-A
[2025-05-05 12:20:10] 🕒 Warte auf Antwort von Hotel-A (max. 1500ms)...
📨 [Hotel-A] received: {"timeBlocks":[11,12],"action":"book","bookingId":"User2_Hotel-A"}
🔍 [Hotel-A] Zufallswert (Fehlersimulation): 0.7745890262738955
✅ [Hotel-A] Prüfe Verfügbarkeit der Zeitblöcke...
✅ [Hotel-A] Booking successful for: User2_Hotel-A
[2025-05-05 12:20:10] ✅ Bestätigt von Hotel-A
[2025-05-05 12:20:10] 🔁 [Retry 1/3] für Hotel-B
[2025-05-05 12:20:10] ⏳ Sende Buchungsanfrage an Hotel-B
[2025-05-05 12:20:10] 🕒 Warte auf Antwort von Hotel-B (max. 1500ms)...
📨 [Hotel-B] received: {"timeBlocks":[11,12],"action":"book","bookingId":"User2_Hotel-B"}
🔍 [Hotel-B] Zufallswert (Fehlersimulation): 0.13875876038027635
✅ [Hotel-B] Prüfe Verfügbarkeit der Zeitblöcke...
✅ [Hotel-B] Booking successful for: User2_Hotel-B
[2025-05-05 12:20:11] ✅ Bestätigt von Hotel-B
[2025-05-05 12:20:11] 🔁 [Retry 1/3] für Hotel-C
[2025-05-05 12:20:11] ⏳ Sende Buchungsanfrage an Hotel-C
[2025-05-05 12:20:11] 🕒 Warte auf Antwort von Hotel-C (max. 1500ms)...
📨 [Hotel-C] received: {"timeBlocks":[11,12],"action":"book","bookingId":"User2_Hotel-C"}
🔍 [Hotel-C] Zufallswert (Fehlersimulation): 0.13912982369216598
✅ [Hotel-C] Prüfe Verfügbarkeit der Zeitblöcke...
✅ [Hotel-C] Booking successful for: User2_Hotel-C
[2025-05-05 12:20:11] ✅ Bestätigt von Hotel-C
[2025-05-05 12:20:11] 📊 Booking Summary:
⬅️  [User2] Antwort: Buchung erfolgreich für User2
[2025-05-05 12:20:11] Total Requests: 3
[2025-05-05 12:20:11] ✅ Successful:   3
[2025-05-05 12:20:11] ❌ Failed:       0
[2025-05-05 12:20:11] Success Rate:   100%
[2025-05-05 12:20:11] 📬 Anfrage empfangen: User6:Hotel-A,Hotel-B,Hotel-C
[2025-05-05 12:20:11] 🔁 [Retry 1/3] für Hotel-A
[2025-05-05 12:20:11] ⏳ Sende Buchungsanfrage an Hotel-A
[2025-05-05 12:20:11] 🕒 Warte auf Antwort von Hotel-A (max. 1500ms)...
📨 [Hotel-A] received: {"timeBlocks":[42,43],"action":"book","bookingId":"User6_Hotel-A"}
🔍 [Hotel-A] Zufallswert (Fehlersimulation): 0.5738960201457863
✅ [Hotel-A] Prüfe Verfügbarkeit der Zeitblöcke...
✅ [Hotel-A] Booking successful for: User6_Hotel-A
[2025-05-05 12:20:12] ✅ Bestätigt von Hotel-A
[2025-05-05 12:20:12] 🔁 [Retry 1/3] für Hotel-B
[2025-05-05 12:20:12] ⏳ Sende Buchungsanfrage an Hotel-B
[2025-05-05 12:20:12] 🕒 Warte auf Antwort von Hotel-B (max. 1500ms)...
📨 [Hotel-B] received: {"timeBlocks":[42,43],"action":"book","bookingId":"User6_Hotel-B"}
🔍 [Hotel-B] Zufallswert (Fehlersimulation): 0.10797256558131707
✅ [Hotel-B] Prüfe Verfügbarkeit der Zeitblöcke...
✅ [Hotel-B] Booking successful for: User6_Hotel-B
[2025-05-05 12:20:12] ✅ Bestätigt von Hotel-B
[2025-05-05 12:20:12] 🔁 [Retry 1/3] für Hotel-C
[2025-05-05 12:20:12] ⏳ Sende Buchungsanfrage an Hotel-C
[2025-05-05 12:20:12] 🕒 Warte auf Antwort von Hotel-C (max. 1500ms)...
📨 [Hotel-C] received: {"timeBlocks":[42,43],"action":"book","bookingId":"User6_Hotel-C"}
🔍 [Hotel-C] Zufallswert (Fehlersimulation): 0.38339256696748225
✅ [Hotel-C] Prüfe Verfügbarkeit der Zeitblöcke...
✅ [Hotel-C] Booking successful for: User6_Hotel-C
[2025-05-05 12:20:13] ✅ Bestätigt von Hotel-C
[2025-05-05 12:20:13] 📊 Booking Summary:
⬅️  [User6] Antwort: Buchung erfolgreich für User6
[2025-05-05 12:20:13] Total Requests: 4
[2025-05-05 12:20:13] ✅ Successful:   4
[2025-05-05 12:20:13] ❌ Failed:       0
[2025-05-05 12:20:13] Success Rate:   100%
[2025-05-05 12:20:13] 📬 Anfrage empfangen: User9:Hotel-A,Hotel-B,Hotel-C
[2025-05-05 12:20:13] 🔁 [Retry 1/3] für Hotel-A
[2025-05-05 12:20:13] ⏳ Sende Buchungsanfrage an Hotel-A
[2025-05-05 12:20:13] 🕒 Warte auf Antwort von Hotel-A (max. 1500ms)...
📨 [Hotel-A] received: {"timeBlocks":[72,73],"action":"book","bookingId":"User9_Hotel-A"}
🔍 [Hotel-A] Zufallswert (Fehlersimulation): 0.6368968070040844
✅ [Hotel-A] Prüfe Verfügbarkeit der Zeitblöcke...
✅ [Hotel-A] Booking successful for: User9_Hotel-A
[2025-05-05 12:20:13] ✅ Bestätigt von Hotel-A
[2025-05-05 12:20:13] 🔁 [Retry 1/3] für Hotel-B
[2025-05-05 12:20:13] ⏳ Sende Buchungsanfrage an Hotel-B
[2025-05-05 12:20:13] 🕒 Warte auf Antwort von Hotel-B (max. 1500ms)...
📨 [Hotel-B] received: {"timeBlocks":[72,73],"action":"book","bookingId":"User9_Hotel-B"}
🔍 [Hotel-B] Zufallswert (Fehlersimulation): 0.4405923736338755
✅ [Hotel-B] Prüfe Verfügbarkeit der Zeitblöcke...
✅ [Hotel-B] Booking successful for: User9_Hotel-B
[2025-05-05 12:20:13] ✅ Bestätigt von Hotel-B
[2025-05-05 12:20:13] 🔁 [Retry 1/3] für Hotel-C
[2025-05-05 12:20:13] ⏳ Sende Buchungsanfrage an Hotel-C
[2025-05-05 12:20:13] 🕒 Warte auf Antwort von Hotel-C (max. 1500ms)...
📨 [Hotel-C] received: {"timeBlocks":[72,73],"action":"book","bookingId":"User9_Hotel-C"}
🔍 [Hotel-C] Zufallswert (Fehlersimulation): 0.5055647588645753
✅ [Hotel-C] Prüfe Verfügbarkeit der Zeitblöcke...
✅ [Hotel-C] Booking successful for: User9_Hotel-C
[2025-05-05 12:20:13] ✅ Bestätigt von Hotel-C
[2025-05-05 12:20:13] 📊 Booking Summary:
⬅️  [User9] Antwort: Buchung erfolgreich für User9
[2025-05-05 12:20:13] Total Requests: 5
[2025-05-05 12:20:13] ✅ Successful:   5
[2025-05-05 12:20:13] ❌ Failed:       0
[2025-05-05 12:20:13] Success Rate:   100%
[2025-05-05 12:20:13] 📬 Anfrage empfangen: User8:Hotel-A,Hotel-B,Hotel-C
[2025-05-05 12:20:13] 🔁 [Retry 1/3] für Hotel-A
[2025-05-05 12:20:13] ⏳ Sende Buchungsanfrage an Hotel-A
[2025-05-05 12:20:13] 🕒 Warte auf Antwort von Hotel-A (max. 1500ms)...
📨 [Hotel-A] received: {"timeBlocks":[81,82],"action":"book","bookingId":"User8_Hotel-A"}
🔍 [Hotel-A] Zufallswert (Fehlersimulation): 0.2876993022950888
✅ [Hotel-A] Prüfe Verfügbarkeit der Zeitblöcke...
✅ [Hotel-A] Booking successful for: User8_Hotel-A
[2025-05-05 12:20:13] ✅ Bestätigt von Hotel-A
[2025-05-05 12:20:13] 🔁 [Retry 1/3] für Hotel-B
[2025-05-05 12:20:13] ⏳ Sende Buchungsanfrage an Hotel-B
[2025-05-05 12:20:13] 🕒 Warte auf Antwort von Hotel-B (max. 1500ms)...
📨 [Hotel-B] received: {"timeBlocks":[81,82],"action":"book","bookingId":"User8_Hotel-B"}
🔍 [Hotel-B] Zufallswert (Fehlersimulation): 0.5882825103821384
✅ [Hotel-B] Prüfe Verfügbarkeit der Zeitblöcke...
✅ [Hotel-B] Booking successful for: User8_Hotel-B
[2025-05-05 12:20:14] ✅ Bestätigt von Hotel-B
[2025-05-05 12:20:14] 🔁 [Retry 1/3] für Hotel-C
[2025-05-05 12:20:14] ⏳ Sende Buchungsanfrage an Hotel-C
[2025-05-05 12:20:14] 🕒 Warte auf Antwort von Hotel-C (max. 1500ms)...
📨 [Hotel-C] received: {"timeBlocks":[81,82],"action":"book","bookingId":"User8_Hotel-C"}
🔍 [Hotel-C] Zufallswert (Fehlersimulation): 0.23423133040509403
✅ [Hotel-C] Prüfe Verfügbarkeit der Zeitblöcke...
✅ [Hotel-C] Booking successful for: User8_Hotel-C
[2025-05-05 12:20:15] ✅ Bestätigt von Hotel-C
[2025-05-05 12:20:15] 📊 Booking Summary:
⬅️  [User8] Antwort: Buchung erfolgreich für User8
[2025-05-05 12:20:15] Total Requests: 6
[2025-05-05 12:20:15] ✅ Successful:   6
[2025-05-05 12:20:15] ❌ Failed:       0
[2025-05-05 12:20:15] Success Rate:   100%
[2025-05-05 12:20:15] 📬 Anfrage empfangen: User3:Hotel-A,Hotel-B,Hotel-C
[2025-05-05 12:20:15] 🔁 [Retry 1/3] für Hotel-A
[2025-05-05 12:20:15] ⏳ Sende Buchungsanfrage an Hotel-A
[2025-05-05 12:20:15] 🕒 Warte auf Antwort von Hotel-A (max. 1500ms)...
📨 [Hotel-A] received: {"timeBlocks":[24,25],"action":"book","bookingId":"User3_Hotel-A"}
🔍 [Hotel-A] Zufallswert (Fehlersimulation): 0.5607166323569656
✅ [Hotel-A] Prüfe Verfügbarkeit der Zeitblöcke...
✅ [Hotel-A] Booking successful for: User3_Hotel-A
[2025-05-05 12:20:15] ✅ Bestätigt von Hotel-A
[2025-05-05 12:20:15] 🔁 [Retry 1/3] für Hotel-B
[2025-05-05 12:20:15] ⏳ Sende Buchungsanfrage an Hotel-B
[2025-05-05 12:20:15] 🕒 Warte auf Antwort von Hotel-B (max. 1500ms)...
📨 [Hotel-B] received: {"timeBlocks":[24,25],"action":"book","bookingId":"User3_Hotel-B"}
🔍 [Hotel-B] Zufallswert (Fehlersimulation): 0.5062814056988691
✅ [Hotel-B] Prüfe Verfügbarkeit der Zeitblöcke...
✅ [Hotel-B] Booking successful for: User3_Hotel-B
[2025-05-05 12:20:15] ✅ Bestätigt von Hotel-B
[2025-05-05 12:20:15] 🔁 [Retry 1/3] für Hotel-C
[2025-05-05 12:20:15] ⏳ Sende Buchungsanfrage an Hotel-C
[2025-05-05 12:20:15] 🕒 Warte auf Antwort von Hotel-C (max. 1500ms)...
📨 [Hotel-C] received: {"timeBlocks":[24,25],"action":"book","bookingId":"User3_Hotel-C"}
🔍 [Hotel-C] Zufallswert (Fehlersimulation): 0.7006912227249287
✅ [Hotel-C] Prüfe Verfügbarkeit der Zeitblöcke...
✅ [Hotel-C] Booking successful for: User3_Hotel-C
[2025-05-05 12:20:16] ✅ Bestätigt von Hotel-C
[2025-05-05 12:20:16] 📊 Booking Summary:
⬅️  [User3] Antwort: Buchung erfolgreich für User3
[2025-05-05 12:20:16] Total Requests: 7
[2025-05-05 12:20:16] ✅ Successful:   7
[2025-05-05 12:20:16] ❌ Failed:       0
[2025-05-05 12:20:16] Success Rate:   100%
[2025-05-05 12:20:16] 📬 Anfrage empfangen: User1:Hotel-A,Hotel-B,Hotel-C
[2025-05-05 12:20:16] 🔁 [Retry 1/3] für Hotel-A
[2025-05-05 12:20:16] ⏳ Sende Buchungsanfrage an Hotel-A
[2025-05-05 12:20:16] 🕒 Warte auf Antwort von Hotel-A (max. 1500ms)...
📨 [Hotel-A] received: {"timeBlocks":[11,12],"action":"book","bookingId":"User1_Hotel-A"}
🔍 [Hotel-A] Zufallswert (Fehlersimulation): 0.699161198455958
✅ [Hotel-A] Prüfe Verfügbarkeit der Zeitblöcke...
✅ [Hotel-A] Booking successful for: User1_Hotel-A
[2025-05-05 12:20:17] ✅ Bestätigt von Hotel-A
[2025-05-05 12:20:17] 🔁 [Retry 1/3] für Hotel-B
[2025-05-05 12:20:17] ⏳ Sende Buchungsanfrage an Hotel-B
[2025-05-05 12:20:17] 🕒 Warte auf Antwort von Hotel-B (max. 1500ms)...
📨 [Hotel-B] received: {"timeBlocks":[11,12],"action":"book","bookingId":"User1_Hotel-B"}
🔍 [Hotel-B] Zufallswert (Fehlersimulation): 0.3496020904673799
✅ [Hotel-B] Prüfe Verfügbarkeit der Zeitblöcke...
✅ [Hotel-B] Booking successful for: User1_Hotel-B
[2025-05-05 12:20:18] ✅ Bestätigt von Hotel-B
[2025-05-05 12:20:18] 🔁 [Retry 1/3] für Hotel-C
[2025-05-05 12:20:18] ⏳ Sende Buchungsanfrage an Hotel-C
[2025-05-05 12:20:18] 🕒 Warte auf Antwort von Hotel-C (max. 1500ms)...
📨 [Hotel-C] received: {"timeBlocks":[11,12],"action":"book","bookingId":"User1_Hotel-C"}
🔍 [Hotel-C] Zufallswert (Fehlersimulation): 0.04223043442082841
⚠️ [Hotel-C] Simulated drop: process without confirmation.
[2025-05-05 12:20:18] ⚠️ Antwort von Hotel-C: dropped – wird ignoriert, retry folgt.
[2025-05-05 12:20:18] 🔁 [Retry 2/3] für Hotel-C
[2025-05-05 12:20:18] ⏳ Sende Buchungsanfrage an Hotel-C
[2025-05-05 12:20:18] 🕒 Warte auf Antwort von Hotel-C (max. 1500ms)...
📨 [Hotel-C] received: {"timeBlocks":[11,12],"action":"book","bookingId":"User1_Hotel-C"}
🔍 [Hotel-C] Zufallswert (Fehlersimulation): 0.1385975695829027
✅ [Hotel-C] Prüfe Verfügbarkeit der Zeitblöcke...
❌ [Hotel-C] No rooms available for: User1_Hotel-C
[2025-05-05 12:20:18] ❌ Buchung abgelehnt von Hotel-C
📨 [Hotel-A] received: {"action":"cancel","bookingId":"User1_Hotel-A"}
🔁 Rollback erfolgreich für User1_Hotel-A
[2025-05-05 12:20:19] ↩️ Rollback gesendet an Hotel-A
📨 [Hotel-B] received: {"action":"cancel","bookingId":"User1_Hotel-B"}
🔁 Rollback erfolgreich für User1_Hotel-B
[2025-05-05 12:20:19] ↩️ Rollback gesendet an Hotel-B
[2025-05-05 12:20:19] 📊 Booking Summary:
[2025-05-05 12:20:19] Total Requests: 8
⬅️  [User1] Antwort: Buchung fehlgeschlagen für User1
[2025-05-05 12:20:19] ✅ Successful:   7
[2025-05-05 12:20:19] ❌ Failed:       1
[2025-05-05 12:20:19] Success Rate:   87%
[2025-05-05 12:20:19] 📬 Anfrage empfangen: User7:Hotel-A,Hotel-B,Hotel-C
[2025-05-05 12:20:19] 🔁 [Retry 1/3] für Hotel-A
[2025-05-05 12:20:19] ⏳ Sende Buchungsanfrage an Hotel-A
[2025-05-05 12:20:19] 🕒 Warte auf Antwort von Hotel-A (max. 1500ms)...
📨 [Hotel-A] received: {"timeBlocks":[69,70],"action":"book","bookingId":"User7_Hotel-A"}
🔍 [Hotel-A] Zufallswert (Fehlersimulation): 0.6689564222751987
✅ [Hotel-A] Prüfe Verfügbarkeit der Zeitblöcke...
✅ [Hotel-A] Booking successful for: User7_Hotel-A
[2025-05-05 12:20:20] ✅ Bestätigt von Hotel-A
[2025-05-05 12:20:20] 🔁 [Retry 1/3] für Hotel-B
[2025-05-05 12:20:20] ⏳ Sende Buchungsanfrage an Hotel-B
[2025-05-05 12:20:20] 🕒 Warte auf Antwort von Hotel-B (max. 1500ms)...
📨 [Hotel-B] received: {"timeBlocks":[69,70],"action":"book","bookingId":"User7_Hotel-B"}
🔍 [Hotel-B] Zufallswert (Fehlersimulation): 0.2251453415609318
✅ [Hotel-B] Prüfe Verfügbarkeit der Zeitblöcke...
✅ [Hotel-B] Booking successful for: User7_Hotel-B
[2025-05-05 12:20:20] ✅ Bestätigt von Hotel-B
[2025-05-05 12:20:20] 🔁 [Retry 1/3] für Hotel-C
[2025-05-05 12:20:20] ⏳ Sende Buchungsanfrage an Hotel-C
[2025-05-05 12:20:20] 🕒 Warte auf Antwort von Hotel-C (max. 1500ms)...
📨 [Hotel-C] received: {"timeBlocks":[69,70],"action":"book","bookingId":"User7_Hotel-C"}
🔍 [Hotel-C] Zufallswert (Fehlersimulation): 0.8366352462931979
✅ [Hotel-C] Prüfe Verfügbarkeit der Zeitblöcke...
✅ [Hotel-C] Booking successful for: User7_Hotel-C
[2025-05-05 12:20:21] ✅ Bestätigt von Hotel-C
[2025-05-05 12:20:21] 📊 Booking Summary:
[2025-05-05 12:20:21] Total Requests: 9
[2025-05-05 12:20:21] ✅ Successful:   8
[2025-05-05 12:20:21] ❌ Failed:       1
⬅️  [User7] Antwort: Buchung erfolgreich für User7
[2025-05-05 12:20:21] Success Rate:   88%
[2025-05-05 12:20:21] 📬 Anfrage empfangen: User5:Hotel-A,Hotel-B,Hotel-C
[2025-05-05 12:20:21] 🔁 [Retry 1/3] für Hotel-A
[2025-05-05 12:20:21] ⏳ Sende Buchungsanfrage an Hotel-A
[2025-05-05 12:20:21] 🕒 Warte auf Antwort von Hotel-A (max. 1500ms)...
📨 [Hotel-A] received: {"timeBlocks":[1,2],"action":"book","bookingId":"User5_Hotel-A"}
🔍 [Hotel-A] Zufallswert (Fehlersimulation): 0.6370203308960778
✅ [Hotel-A] Prüfe Verfügbarkeit der Zeitblöcke...
✅ [Hotel-A] Booking successful for: User5_Hotel-A
[2025-05-05 12:20:21] ✅ Bestätigt von Hotel-A
[2025-05-05 12:20:21] 🔁 [Retry 1/3] für Hotel-B
[2025-05-05 12:20:21] ⏳ Sende Buchungsanfrage an Hotel-B
[2025-05-05 12:20:21] 🕒 Warte auf Antwort von Hotel-B (max. 1500ms)...
📨 [Hotel-B] received: {"timeBlocks":[1,2],"action":"book","bookingId":"User5_Hotel-B"}
🔍 [Hotel-B] Zufallswert (Fehlersimulation): 0.4922858924728817
✅ [Hotel-B] Prüfe Verfügbarkeit der Zeitblöcke...
✅ [Hotel-B] Booking successful for: User5_Hotel-B
[2025-05-05 12:20:21] ✅ Bestätigt von Hotel-B
[2025-05-05 12:20:21] 🔁 [Retry 1/3] für Hotel-C
[2025-05-05 12:20:21] ⏳ Sende Buchungsanfrage an Hotel-C
[2025-05-05 12:20:21] 🕒 Warte auf Antwort von Hotel-C (max. 1500ms)...
📨 [Hotel-C] received: {"timeBlocks":[1,2],"action":"book","bookingId":"User5_Hotel-C"}
🔍 [Hotel-C] Zufallswert (Fehlersimulation): 0.7311772549647637
✅ [Hotel-C] Prüfe Verfügbarkeit der Zeitblöcke...
✅ [Hotel-C] Booking successful for: User5_Hotel-C
[2025-05-05 12:20:22] ✅ Bestätigt von Hotel-C
[2025-05-05 12:20:22] 📊 Booking Summary:
⬅️  [User5] Antwort: Buchung erfolgreich für User5
[2025-05-05 12:20:22] Total Requests: 10
[2025-05-05 12:20:22] ✅ Successful:   9
[2025-05-05 12:20:22] ❌ Failed:       1
[2025-05-05 12:20:22] Success Rate:   90%
]]></system-out>
  </testcase>
  <testcase name="testValidBookingWithRepeatsNotConsecutive" classname="de.travelbroker.TravelBrokerIntegrationTest" time="1.139">
    <system-out><![CDATA[➡️  [Clara] Sende Buchung: Clara:Hotel-C,Hotel-A,Hotel-C
[2025-05-05 12:20:22] 📬 Anfrage empfangen: Clara:Hotel-C,Hotel-A,Hotel-C
[2025-05-05 12:20:22] 🔁 [Retry 1/3] für Hotel-C
[2025-05-05 12:20:22] ⏳ Sende Buchungsanfrage an Hotel-C
[2025-05-05 12:20:22] 🕒 Warte auf Antwort von Hotel-C (max. 1500ms)...
📨 [Hotel-C] received: {"timeBlocks":[78,79],"action":"book","bookingId":"Clara_Hotel-C"}
🔍 [Hotel-C] Zufallswert (Fehlersimulation): 0.38784505741077224
✅ [Hotel-C] Prüfe Verfügbarkeit der Zeitblöcke...
✅ [Hotel-C] Booking successful for: Clara_Hotel-C
[2025-05-05 12:20:22] ✅ Bestätigt von Hotel-C
[2025-05-05 12:20:22] 🔁 [Retry 1/3] für Hotel-A
[2025-05-05 12:20:22] ⏳ Sende Buchungsanfrage an Hotel-A
[2025-05-05 12:20:22] 🕒 Warte auf Antwort von Hotel-A (max. 1500ms)...
📨 [Hotel-A] received: {"timeBlocks":[78,79],"action":"book","bookingId":"Clara_Hotel-A"}
🔍 [Hotel-A] Zufallswert (Fehlersimulation): 0.7262139952109689
✅ [Hotel-A] Prüfe Verfügbarkeit der Zeitblöcke...
✅ [Hotel-A] Booking successful for: Clara_Hotel-A
[2025-05-05 12:20:22] ✅ Bestätigt von Hotel-A
[2025-05-05 12:20:22] 🔁 [Retry 1/3] für Hotel-C
[2025-05-05 12:20:22] ⏳ Sende Buchungsanfrage an Hotel-C
[2025-05-05 12:20:22] 🕒 Warte auf Antwort von Hotel-C (max. 1500ms)...
📨 [Hotel-C] received: {"timeBlocks":[78,79],"action":"book","bookingId":"Clara_Hotel-C"}
🔍 [Hotel-C] Zufallswert (Fehlersimulation): 0.3563987457353658
✅ [Hotel-C] Prüfe Verfügbarkeit der Zeitblöcke...
✅ [Hotel-C] Booking successful for: Clara_Hotel-C
[2025-05-05 12:20:23] ✅ Bestätigt von Hotel-C
[2025-05-05 12:20:23] 📊 Booking Summary:
[2025-05-05 12:20:23] Total Requests: 11
[2025-05-05 12:20:23] ✅ Successful:   10
[2025-05-05 12:20:23] ❌ Failed:       1
⬅️  [Clara] Antwort: Buchung erfolgreich für Clara
[2025-05-05 12:20:23] Success Rate:   90%
]]></system-out>
  </testcase>
  <testcase name="testInvalidBookingRejected_TwoSameHotels" classname="de.travelbroker.TravelBrokerIntegrationTest" time="0.004">
    <system-out><![CDATA[➡️  [David] Sende Buchung: David:Hotel-A,Hotel-A
[2025-05-05 12:20:23] 📬 Anfrage empfangen: David:Hotel-A,Hotel-A
[2025-05-05 12:20:23] ❌ Ungültige Buchung von David: gleiches Hotel kommt doppelt hintereinander vor.
⬅️  [David] Antwort: ❌ Ungültige Buchung von David: gleiches Hotel kommt doppelt hintereinander vor.
]]></system-out>
  </testcase>
  <testcase name="testValidBookingAccepted" classname="de.travelbroker.TravelBrokerIntegrationTest" time="1.111">
    <system-out><![CDATA[➡️  [Alice] Sende Buchung: Alice:Hotel-A,Hotel-B,Hotel-C
[2025-05-05 12:20:23] 📬 Anfrage empfangen: Alice:Hotel-A,Hotel-B,Hotel-C
[2025-05-05 12:20:23] 🔁 [Retry 1/3] für Hotel-A
[2025-05-05 12:20:23] ⏳ Sende Buchungsanfrage an Hotel-A
[2025-05-05 12:20:23] 🕒 Warte auf Antwort von Hotel-A (max. 1500ms)...
📨 [Hotel-A] received: {"timeBlocks":[16,17],"action":"book","bookingId":"Alice_Hotel-A"}
🔍 [Hotel-A] Zufallswert (Fehlersimulation): 0.6250617663630691
✅ [Hotel-A] Prüfe Verfügbarkeit der Zeitblöcke...
✅ [Hotel-A] Booking successful for: Alice_Hotel-A
[2025-05-05 12:20:23] ✅ Bestätigt von Hotel-A
[2025-05-05 12:20:23] 🔁 [Retry 1/3] für Hotel-B
[2025-05-05 12:20:23] ⏳ Sende Buchungsanfrage an Hotel-B
[2025-05-05 12:20:23] 🕒 Warte auf Antwort von Hotel-B (max. 1500ms)...
📨 [Hotel-B] received: {"timeBlocks":[16,17],"action":"book","bookingId":"Alice_Hotel-B"}
🔍 [Hotel-B] Zufallswert (Fehlersimulation): 0.6995664925383686
✅ [Hotel-B] Prüfe Verfügbarkeit der Zeitblöcke...
✅ [Hotel-B] Booking successful for: Alice_Hotel-B
[2025-05-05 12:20:23] ✅ Bestätigt von Hotel-B
[2025-05-05 12:20:23] 🔁 [Retry 1/3] für Hotel-C
[2025-05-05 12:20:23] ⏳ Sende Buchungsanfrage an Hotel-C
[2025-05-05 12:20:23] 🕒 Warte auf Antwort von Hotel-C (max. 1500ms)...
📨 [Hotel-C] received: {"timeBlocks":[16,17],"action":"book","bookingId":"Alice_Hotel-C"}
🔍 [Hotel-C] Zufallswert (Fehlersimulation): 0.8625844503332734
✅ [Hotel-C] Prüfe Verfügbarkeit der Zeitblöcke...
❌ [Hotel-C] No rooms available for: Alice_Hotel-C
[2025-05-05 12:20:23] ❌ Buchung abgelehnt von Hotel-C
📨 [Hotel-A] received: {"action":"cancel","bookingId":"Alice_Hotel-A"}
🔁 Rollback erfolgreich für Alice_Hotel-A
[2025-05-05 12:20:23] ↩️ Rollback gesendet an Hotel-A
📨 [Hotel-B] received: {"action":"cancel","bookingId":"Alice_Hotel-B"}
🔁 Rollback erfolgreich für Alice_Hotel-B
[2025-05-05 12:20:24] ↩️ Rollback gesendet an Hotel-B
[2025-05-05 12:20:24] 📊 Booking Summary:
⬅️  [Alice] Antwort: Buchung fehlgeschlagen für Alice
[2025-05-05 12:20:24] Total Requests: 13
[2025-05-05 12:20:24] ✅ Successful:   10
[2025-05-05 12:20:24] ❌ Failed:       3
[2025-05-05 12:20:24] Success Rate:   76%
]]></system-out>
  </testcase>
  <testcase name="testInvalidBookingRejected_DuplicateConsecutiveHotels" classname="de.travelbroker.TravelBrokerIntegrationTest" time="0.006">
    <system-out><![CDATA[➡️  [Bob] Sende Buchung: Bob:Hotel-B,Hotel-B,Hotel-C
[2025-05-05 12:20:24] 📬 Anfrage empfangen: Bob:Hotel-B,Hotel-B,Hotel-C
[2025-05-05 12:20:24] ❌ Ungültige Buchung von Bob: gleiches Hotel kommt doppelt hintereinander vor.
⬅️  [Bob] Antwort: ❌ Ungültige Buchung von Bob: gleiches Hotel kommt doppelt hintereinander vor.
]]></system-out>
  </testcase>
</testsuite>